
> next-on-pages-app@0.1.0 pages:build
> npx @cloudflare/next-on-pages@1

npm WARN exec The following package was not found and will be installed: @cloudflare/next-on-pages@1
npm WARN deprecated @npmcli/move-file@1.1.2: This functionality has been moved to @npmcli/fs
npm WARN deprecated rollup-plugin-inject@3.0.2: This package has been deprecated and is no longer maintained. Please use @rollup/plugin-inject.
npm WARN deprecated sourcemap-codec@1.4.8: Please use @jridgewell/sourcemap-codec instead
⚡️ @cloudflare/next-on-pages CLI v.1.1.0
⚡️ Detected Package Manager: npm
⚡️ Preparing project...
⚡️ Project is ready
⚡️ Building project...
▲  Vercel CLI 30.2.2
▲  Installing dependencies...
▲  up to date in 945ms
▲  275 packages are looking for funding
▲  run `npm fund` for details
▲  Detected `package-lock.json` generated by npm 7+...
▲  Running "npm run build"
▲  > next-on-pages-app@0.1.0 build
▲  > next build
▲  Attention: Next.js now collects completely anonymous telemetry regarding usage.
▲  This information is used to shape Next.js' roadmap and prioritize features.
▲  You can learn more, including how to opt-out if you'd not like to participate in this anonymous program, by visiting the following URL:
▲  https://nextjs.org/telemetry
▲  - info Creating an optimized production build...
▲  - info Compiled successfully
▲  - info Linting and checking validity of types...
▲  Pages directory cannot be found at /Users/dario/Repos/my-repos/next-js-13-app-playground-migration-poc/apps/next-on-pages-app/pages or /Users/dario/Repos/my-repos/next-js-13-app-playground-migration-poc/apps/next-on-pages-app/src/pages. If using a custom path, please configure with the `no-html-link-for-pages` rule in your eslint config file.
▲  - info Collecting page data...
▲  - info Generating static pages (0/4)
▲  (node:43161) ExperimentalWarning: buffer.Blob is an experimental feature. This feature could change at any time
▲  (Use `node --trace-warnings ...` to show where the warning was created)
▲  - info Generating static pages (1/4)
▲  - info Generating static pages (2/4)
▲  - info Generating static pages (3/4)
▲  - info Generating static pages (4/4)
▲  - info Finalizing page optimization...
▲  
▲  Route (app)                                Size     First Load JS
▲  ┌ ○ /                                      4.76 kB        81.6 kB
▲  ├ ℇ /api/hello                             0 B                0 B
▲  └ ○ /favicon.ico                           0 B                0 B
▲  + First Load JS shared by all              76.8 kB
▲  ├ chunks/7fd0f9f1-c7fe8b91c06fcc65.js    50.5 kB
▲  ├ chunks/9-b7ce500bd5b6e1f6.js           24.4 kB
▲  ├ chunks/main-app-00d17fb9bea0e87e.js    211 B
▲  └ chunks/webpack-57d1b166d676186f.js     1.64 kB
▲  
▲  Route (pages)                              Size     First Load JS
▲  ─ ○ /404                                   178 B          85.9 kB
▲  + First Load JS shared by all              85.8 kB
▲  ├ chunks/main-c1ab64d3d40d7ffd.js        83.9 kB
▲  ├ chunks/pages/_app-415a5670032b79f5.js  190 B
▲  └ chunks/webpack-57d1b166d676186f.js     1.64 kB
▲  ℇ  (Streaming)  server-side renders with streaming (uses React 18 SSR streaming or Server Components)
▲  ○  (Static)     automatically rendered as static HTML (uses no initial props)
▲  Build Completed in .vercel/output [14s]
⚡️ Completed `npx vercel build`.
⚡️ No functions detected (no functions directory generated by Vercel).
⚡️ Generated '.vercel/output/static/_worker.js/index.js'.
